[09:37:44] [Render thread/INFO] [JMLogger] JourneyMap log initialized.
[09:37:44] [Render thread/INFO] [JourneymapClient] initialize ENTER
[09:37:44] [Render thread/INFO] [ClientAPI] [ClientAPI] built with JourneyMap API 1.8-SNAPSHOT
[09:37:44] [Render thread/INFO] [PluginHelper] Initializing plugins with Client API: journeymap.client.api.impl.ClientAPI
[09:37:44] [Render thread/INFO] [PluginHelper] Initialized IClientPlugin: games.alejandrocoria.mapfrontiers.client.plugin.MapFrontiersPlugin
[09:37:44] [Render thread/INFO] [PluginHelper] Initialized IClientPlugin: net.blay09.mods.waystones.compat.JourneyMapAddon
[09:37:44] [Render thread/INFO] [PluginHelper] Initialized IClientPlugin: frankv.jmi.JMIJourneyMapPlugin
[09:37:45] [Render thread/INFO] [?] Version: JourneyMap 1.18.1-5.8.1, built with Forge 1.18.1-39.1.0
Forge: 39.1.2
Environment: os.name, os.arch, java.version, user.country, user.language=null, game language=en_us, locale=en_us
Features: 
	RadarPlayers : singleplayer = true , multiplayer = true
	RadarAnimals : singleplayer = true , multiplayer = true
	RadarMobs : singleplayer = true , multiplayer = true
	RadarVillagers : singleplayer = true , multiplayer = true
	MapTopo : singleplayer = true , multiplayer = true
	MapSurface : singleplayer = true , multiplayer = true
	MapCaves : singleplayer = true , multiplayer = true
	MapBiome : singleplayer = true , multiplayer = true
MiniMapProperties{state=Valid, file=journeymap.minimap.config, configVersion=5.8.1, zoomLevel=0, compassFontScale=2.0, terrainAlpha=100, showEntityNames=true, positionX=0.8304986, positionY=0.65882045, effectVertical=true, showPlayerHeading=true, sizePercent=20, playerDisplayScale=2.0, showDayNight=true, showPets=false, preferredMapType=night, showCompass=false, mobDisplay=jm.common.entity_display.icons, systemTimeRealFormat=HH:mm, shape=jm.minimap.shape_square, showSelf=true, selfDisplayScale=1.0, showGrid=false, reticleOrientation=jm.minimap.orientation.compass, gameTimeRealFormat=HH:mm, effectTranslateX=-6, showWaypoints=true, minimapKeyMovementSpeed=0.001, showAnimals=false, infoSlotAlpha=0.7, effectTranslateY=117, showWaypointLabels=false, moveEffectIcons=true, position=jm.minimap.position_bottomright, fontScale=2.0, showPlayers=true, frameAlpha=100, effectReversed=true, backgroundAlpha=0.8, enabled=true, showVillagers=false, info2Label=jm.theme.labelsource.realtime, info3Label=jm.theme.labelsource.location, showMobs=false, waypointLabelScale=2.0, showReticle=true, orientation=jm.minimap.orientation.north, info4Label=jm.theme.labelsource.biome, locationFormat=xzy, playerDisplay=jm.common.entity_display.icons, mobDisplayScale=2.0, showCaves=true, showMobHeading=false, locationFormatVerbose=false, info1Label=jm.theme.labelsource.blank}
MiniMapProperties{state=Valid, file=journeymap.minimap2.config, configVersion=5.8.1, zoomLevel=0, compassFontScale=1.0, terrainAlpha=100, showEntityNames=true, positionX=0.9, positionY=0.25, effectVertical=false, showPlayerHeading=true, sizePercent=30, playerDisplayScale=1.0, showDayNight=true, showPets=true, preferredMapType=day, showCompass=true, mobDisplay=jm.common.entity_display.dots, systemTimeRealFormat=HH:mm:ss, shape=jm.minimap.shape_rectangle, showSelf=true, selfDisplayScale=1.0, showGrid=true, reticleOrientation=jm.minimap.orientation.compass, gameTimeRealFormat=HH:mm:ss, effectTranslateX=-418, showWaypoints=true, minimapKeyMovementSpeed=0.001, showAnimals=true, infoSlotAlpha=0.7, effectTranslateY=0, showWaypointLabels=true, moveEffectIcons=true, position=jm.minimap.position_topright, fontScale=1.0, showPlayers=true, frameAlpha=100, effectReversed=false, backgroundAlpha=0.8, enabled=true, showVillagers=true, info2Label=jm.theme.labelsource.gametime, info3Label=jm.theme.labelsource.location, showMobs=true, waypointLabelScale=1.0, showReticle=true, orientation=jm.minimap.orientation.north, info4Label=jm.theme.labelsource.biome, locationFormat=xzyv, playerDisplay=jm.common.entity_display.dots, mobDisplayScale=1.0, showCaves=true, showMobHeading=true, locationFormatVerbose=true, info1Label=jm.theme.labelsource.blank}
FullMapProperties{state=Valid, file=journeymap.fullmap.config, configVersion=5.8.1, zoomLevel=0, showPlayers=true, showEntityNames=true, showPlayerHeading=true, showVillagers=false, showPlayerLoc=true, showKeys=true, playerDisplayScale=2.0, showMobs=false, showPets=false, waypointLabelScale=1.0, preferredMapType=day, mobDisplay=jm.common.entity_display.icons, showSelf=true, locationFormat=xzyv, playerDisplay=jm.common.entity_display.icons, mobDisplayScale=2.0, selfDisplayScale=2.0, showGrid=true, showMouseLoc=true, showWaypoints=true, showCaves=false, showAnimals=false, dragScale=1, showMobHeading=false, showWaypointLabels=true, locationFormatVerbose=false, fontScale=2.0}
WaypointProperties{state=Valid, file=journeymap.waypoint.config, configVersion=5.8.1, autoRemoveDeathpointDistance=2, dateFormat=yyyy-MM-dd, autoRemoveDeathpoints=false, fullscreenDoubleClickToCreate=true, managerDimensionFocus=false, minDistance=4, boldLabel=false, textureSmall=true, showDeathpointlabel=true, beaconEnabled=true, createDeathpoints=true, showName=true, disableStrikeThrough=false, maxDistance=0, autoHideLabel=true, autoRemoveTempWaypoints=2, teleportCommand=/tp {name} {x} {y} {z}, showStaticBeam=false, timeFormat=HH:mm, showDeviationLabel=false, showDistance=true, showRotatingBeam=false, fontScale=2.0, showTexture=true, managerEnabled=true}
WebMapProperties{state=Valid, file=journeymap.webmap.config, configVersion=5.8.1, port=8080, enabled=false}
CoreProperties{state=Valid, file=journeymap.core.config, configVersion=5.8.1, verboseColorPalette=false, maxPlayersData=32, mapSurfaceAboveCaves=false, dataCachingEnabled=true, optionsManagerViewed=5.8.1, announceMod=false, colorPassive=#bbbbbb, renderOverlayEventTypeName=ALL, mapBlendWater=false, renderDistanceSurfaceMax=0, seedId=true, radarVerticalDistance=16, mapBlendGrass=false, recordCacheStats=false, hideSneakingEntities=false, revealShape=jm.minimap.shape_square, mapBiome=true, alwaysMapSurface=false, colorVillager=#88e188, mapPlants=false, colorPet=#0077ff, radarLateralDistance=64, mapBathymetry=false, mapCrops=false, maxMobsData=32, mapPlantShadows=false, alwaysMapCaves=false, checkUpdates=false, browserPoll=2000, mapBlendFoliage=false, hideSpectators=false, mappingEnabled=true, colorPlayer=#ffffff, tileHighDisplayQuality=true, cacheVillagersData=2200, logLevel=INFO, maxVillagersData=32, mapWaterBiomeColors=false, maxAnimalsData=32, mapTransparency=true, tileRenderType=1, caveIgnoreGlass=true, mapTopography=false, renderDistanceCaveMax=0, mapAntialiasing=true, colorSelf=#0000ff, cachePlayersData=2000, cacheMobsData=3000, cachePlayerData=1000, splashViewed=5.8.1, colorHostile=#ff0000, cacheAnimalsData=3100, themeName=Purist, mapCaveLighting=false, renderDelay=2, renderOverlayPreEvent=true, glErrorChecking=false, autoMapPoll=2000}
[09:37:45] [Render thread/INFO] [JourneymapClient] initialize EXIT, elapsed count 1 avg 260.9ms
[09:37:45] [Render thread/INFO] [JourneymapClient] Journeymap PostInit
[09:37:45] [Render thread/ERROR] [FileHandler] Couldn't locate icons for flat: /Users/andrewminer/Twitch/Minecraft/Instances/DEV:%20Blocky%20Go%20Round/mods/journeymap-1.18.1-5.8.1.jar/assets/journeymap/theme/flat
[09:37:45] [Render thread/INFO] [ThemeLoader] Preloaded theme textures: 0
[09:37:45] [Render thread/INFO] [VersionCheck] Update check disabled in properties file.
[09:37:45] [Render thread/INFO] [JourneymapClient] postInitialize EXIT, elapsed count 1 avg 16.64ms
[09:38:45] [Server thread/INFO] [ForgeConfig] Loading JourneyMap Forge Configs
[09:38:55] [Thread-0/INFO] [ForgeConfig] Loading JourneyMap Forge Configs
[09:38:58] [Render thread/INFO] [FeatureManager] Feature disabled: MapCaves
[09:38:58] [Render thread/INFO] [FeatureManager] Feature disabled: RadarAnimals
[09:38:58] [Render thread/INFO] [FeatureManager] Feature disabled: RadarMobs
[09:38:58] [Render thread/INFO] [FeatureManager] Feature disabled: RadarVillagers
[09:38:58] [Render thread/INFO] [WaypointGroupStore] Loaded WaypointGroups file /Users/andrewminer/Twitch/Minecraft/Instances/DEV: Blocky Go Round/journeymap/data/sp/New World/waypoints/waypoint_groups.json
[09:38:58] [Render thread/INFO] [WaypointGroupStore] Created WaypointGroups file: /Users/andrewminer/Twitch/Minecraft/Instances/DEV: Blocky Go Round/journeymap/data/sp/New World/waypoints/waypoint_groups.json
[09:38:59] [Render thread/INFO] [FeatureManager] Feature disabled: RadarAnimals
[09:38:59] [Render thread/INFO] [FeatureManager] Feature disabled: RadarMobs
[09:38:59] [Render thread/INFO] [FeatureManager] Feature disabled: RadarVillagers
[09:39:05] [Render thread/INFO] [WaypointStore] Loaded 0 waypoints from /Users/andrewminer/Twitch/Minecraft/Instances/DEV: Blocky Go Round/journeymap/data/sp/New World/waypoints
[09:39:05] [Render thread/INFO] [JourneymapClient] Mapping started in /Users/andrewminer/Twitch/Minecraft/Instances/DEV: Blocky Go Round/journeymap/data/sp/New World/overworld. Memory: 4096MB total, 487MB free 
[09:39:05] [Render thread/INFO] [FeatureManager] Feature disabled: MapCaves
[09:39:05] [Render thread/INFO] [FeatureManager] Feature disabled: RadarAnimals
[09:39:05] [Render thread/INFO] [FeatureManager] Feature disabled: RadarMobs
[09:39:05] [Render thread/INFO] [FeatureManager] Feature disabled: RadarVillagers
